c:\users\user\source\repos\educationalcontrolprogram\educationalcontrolprogram\debug\vc142.pdb
c:\users\user\source\repos\educationalcontrolprogram\educationalcontrolprogram\debug\.netframework,version=v4.7.2.assemblyattributes.obj
c:\users\user\source\repos\educationalcontrolprogram\educationalcontrolprogram\debug\student_environment.obj
c:\users\user\source\repos\educationalcontrolprogram\educationalcontrolprogram\debug\student.obj
c:\users\user\source\repos\educationalcontrolprogram\educationalcontrolprogram\debug\authorizationform.obj
c:\users\user\source\repos\educationalcontrolprogram\educationalcontrolprogram\debug\admin.obj
c:\users\user\source\repos\educationalcontrolprogram\educationalcontrolprogram\debug\educationalcontrolprogram.admin.resources
c:\users\user\source\repos\educationalcontrolprogram\educationalcontrolprogram\debug\educationalcontrolprogram.authorizationform.resources
c:\users\user\source\repos\educationalcontrolprogram\educationalcontrolprogram\debug\educationalcontrolprogram.student.resources
c:\users\user\source\repos\educationalcontrolprogram\educationalcontrolprogram\debug\educationalcontrolprogram.student_environment.resources
c:\users\user\source\repos\educationalcontrolprogram\debug\educationalcontrolprogram.exe
c:\users\user\source\repos\educationalcontrolprogram\debug\educationalcontrolprogram.pdb
c:\users\user\source\repos\educationalcontrolprogram\educationalcontrolprogram\debug\educatio.cc9b7429.tlog\cl.command.1.tlog
c:\users\user\source\repos\educationalcontrolprogram\educationalcontrolprogram\debug\educatio.cc9b7429.tlog\cl.read.1.tlog
c:\users\user\source\repos\educationalcontrolprogram\educationalcontrolprogram\debug\educatio.cc9b7429.tlog\cl.write.1.tlog
c:\users\user\source\repos\educationalcontrolprogram\educationalcontrolprogram\debug\educatio.cc9b7429.tlog\educationalcontrolprogram.write.1u.tlog
c:\users\user\source\repos\educationalcontrolprogram\educationalcontrolprogram\debug\educatio.cc9b7429.tlog\link.command.1.tlog
c:\users\user\source\repos\educationalcontrolprogram\educationalcontrolprogram\debug\educatio.cc9b7429.tlog\link.read.1.tlog
c:\users\user\source\repos\educationalcontrolprogram\educationalcontrolprogram\debug\educatio.cc9b7429.tlog\link.write.1.tlog
c:\users\user\source\repos\educationalcontrolprogram\educationalcontrolprogram\debug\educatio.cc9b7429.tlog\metagen.read.1.tlog
c:\users\user\source\repos\educationalcontrolprogram\educationalcontrolprogram\debug\educatio.cc9b7429.tlog\metagen.write.1.tlog
